# JRE version: Java(TM) SE Runtime Environment (8.0_144-b01) (build 1.8.0_144-b01)
# Java VM: Java HotSpot(TM) Client VM (25.144-b01 mixed mode windows-x86 )
Heap:
 def new generation   total 4928K, used 4423K [0x05200000, 0x05750000, 0x0a750000)
  eden space 4416K, 100% used [0x05200000, 0x05650000, 0x05650000)
  from space 512K,   1% used [0x056d0000, 0x056d1de0, 0x05750000)
  to   space 512K,   0% used [0x05650000, 0x05650000, 0x056d0000)
 tenured generation   total 10944K, used 436K [0x0a750000, 0x0b200000, 0x15200000)
   the space 10944K,   3% used [0x0a750000, 0x0a7bd2f8, 0x0a7bd400, 0x0b200000)
 Metaspace       used 2068K, capacity 2600K, committed 2624K, reserved 4480K
GC Heap History (10 events):
Event: 20.196 GC heap before
{Heap before GC invocations=12 (full 0):
 def new generation   total 4928K, used 4420K [0x05200000, 0x05750000, 0x0a750000)
  eden space 4416K, 100% used [0x05200000, 0x05650000, 0x05650000)
  from space 512K,   0% used [0x05650000, 0x05651328, 0x056d0000)
  to   space 512K,   0% used [0x056d0000, 0x056d0000, 0x05750000)
 tenured generation   total 10944K, used 436K [0x0a750000, 0x0b200000, 0x15200000)
   the space 10944K,   3% used [0x0a750000, 0x0a7bd158, 0x0a7bd200, 0x0b200000)
 Metaspace       used 2067K, capacity 2600K, committed 2624K, reserved 4480K
Event: 20.197 GC heap after
Heap after GC invocations=13 (full 0):
 def new generation   total 4928K, used 5K [0x05200000, 0x05750000, 0x0a750000)
  eden space 4416K,   0% used [0x05200000, 0x05200000, 0x05650000)
  from space 512K,   0% used [0x056d0000, 0x056d1478, 0x05750000)
  to   space 512K,   0% used [0x05650000, 0x05650000, 0x056d0000)
 tenured generation   total 10944K, used 436K [0x0a750000, 0x0b200000, 0x15200000)
   the space 10944K,   3% used [0x0a750000, 0x0a7bd158, 0x0a7bd200, 0x0b200000)
 Metaspace       used 2067K, capacity 2600K, committed 2624K, reserved 4480K
}
Event: 21.042 GC heap before
{Heap before GC invocations=13 (full 0):
 def new generation   total 4928K, used 4421K [0x05200000, 0x05750000, 0x0a750000)
  eden space 4416K, 100% used [0x05200000, 0x05650000, 0x05650000)
  from space 512K,   0% used [0x056d0000, 0x056d1478, 0x05750000)
  to   space 512K,   0% used [0x05650000, 0x05650000, 0x056d0000)
 tenured generation   total 10944K, used 436K [0x0a750000, 0x0b200000, 0x15200000)
   the space 10944K,   3% used [0x0a750000, 0x0a7bd158, 0x0a7bd200, 0x0b200000)
 Metaspace       used 2068K, capacity 2600K, committed 2624K, reserved 4480K
Event: 21.042 GC heap after
Heap after GC invocations=14 (full 0):
 def new generation   total 4928K, used 6K [0x05200000, 0x05750000, 0x0a750000)
  eden space 4416K,   0% used [0x05200000, 0x05200000, 0x05650000)
  from space 512K,   1% used [0x05650000, 0x05651a10, 0x056d0000)
  to   space 512K,   0% used [0x056d0000, 0x056d0000, 0x05750000)
 tenured generation   total 10944K, used 436K [0x0a750000, 0x0b200000, 0x15200000)
   the space 10944K,   3% used [0x0a750000, 0x0a7bd158, 0x0a7bd200, 0x0b200000)
 Metaspace       used 2068K, capacity 2600K, committed 2624K, reserved 4480K
}
Event: 21.898 GC heap before
{Heap before GC invocations=14 (full 0):
 def new generation   total 4928K, used 4422K [0x05200000, 0x05750000, 0x0a750000)
  eden space 4416K, 100% used [0x05200000, 0x05650000, 0x05650000)
  from space 512K,   1% used [0x05650000, 0x05651a10, 0x056d0000)
  to   space 512K,   0% used [0x056d0000, 0x056d0000, 0x05750000)
 tenured generation   total 10944K, used 436K [0x0a750000, 0x0b200000, 0x15200000)
   the space 10944K,   3% used [0x0a750000, 0x0a7bd158, 0x0a7bd200, 0x0b200000)
 Metaspace       used 2068K, capacity 2600K, committed 2624K, reserved 4480K
Event: 21.899 GC heap after
Heap after GC invocations=15 (full 0):
 def new generation   total 4928K, used 7K [0x05200000, 0x05750000, 0x0a750000)
  eden space 4416K,   0% used [0x05200000, 0x05200000, 0x05650000)
  from space 512K,   1% used [0x056d0000, 0x056d1ca0, 0x05750000)
  to   space 512K,   0% used [0x05650000, 0x05650000, 0x056d0000)
 tenured generation   total 10944K, used 436K [0x0a750000, 0x0b200000, 0x15200000)
   the space 10944K,   3% used [0x0a750000, 0x0a7bd158, 0x0a7bd200, 0x0b200000)
 Metaspace       used 2068K, capacity 2600K, committed 2624K, reserved 4480K
}
Event: 22.725 GC heap before
{Heap before GC invocations=15 (full 0):
 def new generation   total 4928K, used 4423K [0x05200000, 0x05750000, 0x0a750000)
  eden space 4416K, 100% used [0x05200000, 0x05650000, 0x05650000)
  from space 512K,   1% used [0x056d0000, 0x056d1ca0, 0x05750000)
  to   space 512K,   0% used [0x05650000, 0x05650000, 0x056d0000)
 tenured generation   total 10944K, used 436K [0x0a750000, 0x0b200000, 0x15200000)
   the space 10944K,   3% used [0x0a750000, 0x0a7bd158, 0x0a7bd200, 0x0b200000)
 Metaspace       used 2068K, capacity 2600K, committed 2624K, reserved 4480K
Event: 22.725 GC heap after
Heap after GC invocations=16 (full 0):
 def new generation   total 4928K, used 7K [0x05200000, 0x05750000, 0x0a750000)
  eden space 4416K,   0% used [0x05200000, 0x05200000, 0x05650000)
  from space 512K,   1% used [0x05650000, 0x05651e70, 0x056d0000)
  to   space 512K,   0% used [0x056d0000, 0x056d0000, 0x05750000)
 tenured generation   total 10944K, used 436K [0x0a750000, 0x0b200000, 0x15200000)
   the space 10944K,   3% used [0x0a750000, 0x0a7bd158, 0x0a7bd200, 0x0b200000)
 Metaspace       used 2068K, capacity 2600K, committed 2624K, reserved 4480K
}
Event: 23.603 GC heap before
{Heap before GC invocations=16 (full 0):
 def new generation   total 4928K, used 4423K [0x05200000, 0x05750000, 0x0a750000)
  eden space 4416K, 100% used [0x05200000, 0x05650000, 0x05650000)
  from space 512K,   1% used [0x05650000, 0x05651e70, 0x056d0000)
  to   space 512K,   0% used [0x056d0000, 0x056d0000, 0x05750000)
 tenured generation   total 10944K, used 436K [0x0a750000, 0x0b200000, 0x15200000)
   the space 10944K,   3% used [0x0a750000, 0x0a7bd158, 0x0a7bd200, 0x0b200000)
 Metaspace       used 2068K, capacity 2600K, committed 2624K, reserved 4480K
Event: 23.603 GC heap after
Heap after GC invocations=17 (full 0):
 def new generation   total 4928K, used 7K [0x05200000, 0x05750000, 0x0a750000)
  eden space 4416K,   0% used [0x05200000, 0x05200000, 0x05650000)
  from space 512K,   1% used [0x056d0000, 0x056d1de0, 0x05750000)
  to   space 512K,   0% used [0x05650000, 0x05650000, 0x056d0000)
 tenured generation   total 10944K, used 436K [0x0a750000, 0x0b200000, 0x15200000)
   the space 10944K,   3% used [0x0a750000, 0x0a7bd2f8, 0x0a7bd400, 0x0b200000)
 Metaspace       used 2068K, capacity 2600K, committed 2624K, reserved 4480K
}

