# JRE version: Java(TM) SE Runtime Environment (8.0_144-b01) (build 1.8.0_144-b01)
# Java VM: Java HotSpot(TM) Client VM (25.144-b01 mixed mode, sharing windows-x86 )
Heap:
 def new generation   total 4928K, used 2125K [0x04800000, 0x04d50000, 0x09d50000)
  eden space 4416K,  48% used [0x04800000, 0x04a11ed0, 0x04c50000)
  from space 512K,   1% used [0x04c50000, 0x04c51748, 0x04cd0000)
  to   space 512K,   0% used [0x04cd0000, 0x04cd0000, 0x04d50000)
 tenured generation   total 10944K, used 441K [0x09d50000, 0x0a800000, 0x14800000)
   the space 10944K,   4% used [0x09d50000, 0x09dbe798, 0x09dbe800, 0x0a800000)
 Metaspace       used 399K, capacity 2600K, committed 2624K, reserved 4480K
GC Heap History (10 events):
Event: 21.277 GC heap before
{Heap before GC invocations=15 (full 0):
 def new generation   total 4928K, used 4423K [0x04800000, 0x04d50000, 0x09d50000)
  eden space 4416K, 100% used [0x04800000, 0x04c50000, 0x04c50000)
  from space 512K,   1% used [0x04cd0000, 0x04cd1d38, 0x04d50000)
  to   space 512K,   0% used [0x04c50000, 0x04c50000, 0x04cd0000)
 tenured generation   total 10944K, used 439K [0x09d50000, 0x0a800000, 0x14800000)
   the space 10944K,   4% used [0x09d50000, 0x09dbdca8, 0x09dbde00, 0x0a800000)
 Metaspace       used 399K, capacity 2600K, committed 2624K, reserved 4480K
Event: 21.277 GC heap after
Heap after GC invocations=16 (full 0):
 def new generation   total 4928K, used 7K [0x04800000, 0x04d50000, 0x09d50000)
  eden space 4416K,   0% used [0x04800000, 0x04800000, 0x04c50000)
  from space 512K,   1% used [0x04c50000, 0x04c51e08, 0x04cd0000)
  to   space 512K,   0% used [0x04cd0000, 0x04cd0000, 0x04d50000)
 tenured generation   total 10944K, used 439K [0x09d50000, 0x0a800000, 0x14800000)
   the space 10944K,   4% used [0x09d50000, 0x09dbdca8, 0x09dbde00, 0x0a800000)
 Metaspace       used 399K, capacity 2600K, committed 2624K, reserved 4480K
}
Event: 22.075 GC heap before
{Heap before GC invocations=16 (full 0):
 def new generation   total 4928K, used 4423K [0x04800000, 0x04d50000, 0x09d50000)
  eden space 4416K, 100% used [0x04800000, 0x04c50000, 0x04c50000)
  from space 512K,   1% used [0x04c50000, 0x04c51e08, 0x04cd0000)
  to   space 512K,   0% used [0x04cd0000, 0x04cd0000, 0x04d50000)
 tenured generation   total 10944K, used 439K [0x09d50000, 0x0a800000, 0x14800000)
   the space 10944K,   4% used [0x09d50000, 0x09dbdca8, 0x09dbde00, 0x0a800000)
 Metaspace       used 399K, capacity 2600K, committed 2624K, reserved 4480K
Event: 22.075 GC heap after
Heap after GC invocations=17 (full 0):
 def new generation   total 4928K, used 6K [0x04800000, 0x04d50000, 0x09d50000)
  eden space 4416K,   0% used [0x04800000, 0x04800000, 0x04c50000)
  from space 512K,   1% used [0x04cd0000, 0x04cd1a60, 0x04d50000)
  to   space 512K,   0% used [0x04c50000, 0x04c50000, 0x04cd0000)
 tenured generation   total 10944K, used 440K [0x09d50000, 0x0a800000, 0x14800000)
   the space 10944K,   4% used [0x09d50000, 0x09dbe1c8, 0x09dbe200, 0x0a800000)
 Metaspace       used 399K, capacity 2600K, committed 2624K, reserved 4480K
}
Event: 22.905 GC heap before
{Heap before GC invocations=17 (full 0):
 def new generation   total 4928K, used 4422K [0x04800000, 0x04d50000, 0x09d50000)
  eden space 4416K, 100% used [0x04800000, 0x04c50000, 0x04c50000)
  from space 512K,   1% used [0x04cd0000, 0x04cd1a60, 0x04d50000)
  to   space 512K,   0% used [0x04c50000, 0x04c50000, 0x04cd0000)
 tenured generation   total 10944K, used 440K [0x09d50000, 0x0a800000, 0x14800000)
   the space 10944K,   4% used [0x09d50000, 0x09dbe1c8, 0x09dbe200, 0x0a800000)
 Metaspace       used 399K, capacity 2600K, committed 2624K, reserved 4480K
Event: 22.905 GC heap after
Heap after GC invocations=18 (full 0):
 def new generation   total 4928K, used 6K [0x04800000, 0x04d50000, 0x09d50000)
  eden space 4416K,   0% used [0x04800000, 0x04800000, 0x04c50000)
  from space 512K,   1% used [0x04c50000, 0x04c518a8, 0x04cd0000)
  to   space 512K,   0% used [0x04cd0000, 0x04cd0000, 0x04d50000)
 tenured generation   total 10944K, used 441K [0x09d50000, 0x0a800000, 0x14800000)
   the space 10944K,   4% used [0x09d50000, 0x09dbe408, 0x09dbe600, 0x0a800000)
 Metaspace       used 399K, capacity 2600K, committed 2624K, reserved 4480K
}
Event: 23.632 GC heap before
{Heap before GC invocations=18 (full 0):
 def new generation   total 4928K, used 4422K [0x04800000, 0x04d50000, 0x09d50000)
  eden space 4416K, 100% used [0x04800000, 0x04c50000, 0x04c50000)
  from space 512K,   1% used [0x04c50000, 0x04c518a8, 0x04cd0000)
  to   space 512K,   0% used [0x04cd0000, 0x04cd0000, 0x04d50000)
 tenured generation   total 10944K, used 441K [0x09d50000, 0x0a800000, 0x14800000)
   the space 10944K,   4% used [0x09d50000, 0x09dbe408, 0x09dbe600, 0x0a800000)
 Metaspace       used 399K, capacity 2600K, committed 2624K, reserved 4480K
Event: 23.632 GC heap after
Heap after GC invocations=19 (full 0):
 def new generation   total 4928K, used 5K [0x04800000, 0x04d50000, 0x09d50000)
  eden space 4416K,   0% used [0x04800000, 0x04800000, 0x04c50000)
  from space 512K,   1% used [0x04cd0000, 0x04cd1690, 0x04d50000)
  to   space 512K,   0% used [0x04c50000, 0x04c50000, 0x04cd0000)
 tenured generation   total 10944K, used 441K [0x09d50000, 0x0a800000, 0x14800000)
   the space 10944K,   4% used [0x09d50000, 0x09dbe688, 0x09dbe800, 0x0a800000)
 Metaspace       used 399K, capacity 2600K, committed 2624K, reserved 4480K
}
Event: 24.501 GC heap before
{Heap before GC invocations=19 (full 0):
 def new generation   total 4928K, used 4421K [0x04800000, 0x04d50000, 0x09d50000)
  eden space 4416K, 100% used [0x04800000, 0x04c50000, 0x04c50000)
  from space 512K,   1% used [0x04cd0000, 0x04cd1690, 0x04d50000)
  to   space 512K,   0% used [0x04c50000, 0x04c50000, 0x04cd0000)
 tenured generation   total 10944K, used 441K [0x09d50000, 0x0a800000, 0x14800000)
   the space 10944K,   4% used [0x09d50000, 0x09dbe688, 0x09dbe800, 0x0a800000)
 Metaspace       used 399K, capacity 2600K, committed 2624K, reserved 4480K
Event: 24.501 GC heap after
Heap after GC invocations=20 (full 0):
 def new generation   total 4928K, used 5K [0x04800000, 0x04d50000, 0x09d50000)
  eden space 4416K,   0% used [0x04800000, 0x04800000, 0x04c50000)
  from space 512K,   1% used [0x04c50000, 0x04c51748, 0x04cd0000)
  to   space 512K,   0% used [0x04cd0000, 0x04cd0000, 0x04d50000)
 tenured generation   total 10944K, used 441K [0x09d50000, 0x0a800000, 0x14800000)
   the space 10944K,   4% used [0x09d50000, 0x09dbe798, 0x09dbe800, 0x0a800000)
 Metaspace       used 399K, capacity 2600K, committed 2624K, reserved 4480K
}

