# JRE version: Java(TM) SE Runtime Environment (8.0_131-b11) (build 1.8.0_131-b11)
# Java VM: Java HotSpot(TM) Client VM (25.131-b11 mixed mode, sharing windows-x86 )
Heap:
 def new generation   total 4928K, used 224K [0x04a00000, 0x04f50000, 0x09f50000)
  eden space 4416K,   4% used [0x04a00000, 0x04a33588, 0x04e50000)
  from space 512K,   3% used [0x04e50000, 0x04e54ca0, 0x04ed0000)
  to   space 512K,   0% used [0x04ed0000, 0x04ed0000, 0x04f50000)
 tenured generation   total 10944K, used 430K [0x09f50000, 0x0aa00000, 0x14a00000)
   the space 10944K,   3% used [0x09f50000, 0x09fbbbd8, 0x09fbbc00, 0x0aa00000)
 Metaspace       used 408K, capacity 2600K, committed 2624K, reserved 4480K
GC Heap History (10 events):
Event: 31.381 GC heap before
{Heap before GC invocations=23 (full 0):
 def new generation   total 4928K, used 4434K [0x04a00000, 0x04f50000, 0x09f50000)
  eden space 4416K, 100% used [0x04a00000, 0x04e50000, 0x04e50000)
  from space 512K,   3% used [0x04ed0000, 0x04ed49b8, 0x04f50000)
  to   space 512K,   0% used [0x04e50000, 0x04e50000, 0x04ed0000)
 tenured generation   total 10944K, used 424K [0x09f50000, 0x0aa00000, 0x14a00000)
   the space 10944K,   3% used [0x09f50000, 0x09fba198, 0x09fba200, 0x0aa00000)
 Metaspace       used 408K, capacity 2600K, committed 2624K, reserved 4480K
Event: 31.381 GC heap after
Heap after GC invocations=24 (full 0):
 def new generation   total 4928K, used 19K [0x04a00000, 0x04f50000, 0x09f50000)
  eden space 4416K,   0% used [0x04a00000, 0x04a00000, 0x04e50000)
  from space 512K,   3% used [0x04e50000, 0x04e54c08, 0x04ed0000)
  to   space 512K,   0% used [0x04ed0000, 0x04ed0000, 0x04f50000)
 tenured generation   total 10944K, used 425K [0x09f50000, 0x0aa00000, 0x14a00000)
   the space 10944K,   3% used [0x09f50000, 0x09fba480, 0x09fba600, 0x0aa00000)
 Metaspace       used 408K, capacity 2600K, committed 2624K, reserved 4480K
}
Event: 32.340 GC heap before
{Heap before GC invocations=24 (full 0):
 def new generation   total 4928K, used 4435K [0x04a00000, 0x04f50000, 0x09f50000)
  eden space 4416K, 100% used [0x04a00000, 0x04e50000, 0x04e50000)
  from space 512K,   3% used [0x04e50000, 0x04e54c08, 0x04ed0000)
  to   space 512K,   0% used [0x04ed0000, 0x04ed0000, 0x04f50000)
 tenured generation   total 10944K, used 425K [0x09f50000, 0x0aa00000, 0x14a00000)
   the space 10944K,   3% used [0x09f50000, 0x09fba480, 0x09fba600, 0x0aa00000)
 Metaspace       used 408K, capacity 2600K, committed 2624K, reserved 4480K
Event: 32.340 GC heap after
Heap after GC invocations=25 (full 0):
 def new generation   total 4928K, used 18K [0x04a00000, 0x04f50000, 0x09f50000)
  eden space 4416K,   0% used [0x04a00000, 0x04a00000, 0x04e50000)
  from space 512K,   3% used [0x04ed0000, 0x04ed4bd8, 0x04f50000)
  to   space 512K,   0% used [0x04e50000, 0x04e50000, 0x04ed0000)
 tenured generation   total 10944K, used 425K [0x09f50000, 0x0aa00000, 0x14a00000)
   the space 10944K,   3% used [0x09f50000, 0x09fba4f0, 0x09fba600, 0x0aa00000)
 Metaspace       used 408K, capacity 2600K, committed 2624K, reserved 4480K
}
Event: 33.322 GC heap before
{Heap before GC invocations=25 (full 0):
 def new generation   total 4928K, used 4434K [0x04a00000, 0x04f50000, 0x09f50000)
  eden space 4416K, 100% used [0x04a00000, 0x04e50000, 0x04e50000)
  from space 512K,   3% used [0x04ed0000, 0x04ed4bd8, 0x04f50000)
  to   space 512K,   0% used [0x04e50000, 0x04e50000, 0x04ed0000)
 tenured generation   total 10944K, used 425K [0x09f50000, 0x0aa00000, 0x14a00000)
   the space 10944K,   3% used [0x09f50000, 0x09fba4f0, 0x09fba600, 0x0aa00000)
 Metaspace       used 408K, capacity 2600K, committed 2624K, reserved 4480K
Event: 33.322 GC heap after
Heap after GC invocations=26 (full 0):
 def new generation   total 4928K, used 20K [0x04a00000, 0x04f50000, 0x09f50000)
  eden space 4416K,   0% used [0x04a00000, 0x04a00000, 0x04e50000)
  from space 512K,   3% used [0x04e50000, 0x04e55168, 0x04ed0000)
  to   space 512K,   0% used [0x04ed0000, 0x04ed0000, 0x04f50000)
 tenured generation   total 10944K, used 425K [0x09f50000, 0x0aa00000, 0x14a00000)
   the space 10944K,   3% used [0x09f50000, 0x09fba4f0, 0x09fba600, 0x0aa00000)
 Metaspace       used 408K, capacity 2600K, committed 2624K, reserved 4480K
}
Event: 40.571 GC heap before
{Heap before GC invocations=26 (full 0):
 def new generation   total 4928K, used 4436K [0x04a00000, 0x04f50000, 0x09f50000)
  eden space 4416K, 100% used [0x04a00000, 0x04e50000, 0x04e50000)
  from space 512K,   3% used [0x04e50000, 0x04e55168, 0x04ed0000)
  to   space 512K,   0% used [0x04ed0000, 0x04ed0000, 0x04f50000)
 tenured generation   total 10944K, used 425K [0x09f50000, 0x0aa00000, 0x14a00000)
   the space 10944K,   3% used [0x09f50000, 0x09fba4f0, 0x09fba600, 0x0aa00000)
 Metaspace       used 408K, capacity 2600K, committed 2624K, reserved 4480K
Event: 40.571 GC heap after
Heap after GC invocations=27 (full 0):
 def new generation   total 4928K, used 20K [0x04a00000, 0x04f50000, 0x09f50000)
  eden space 4416K,   0% used [0x04a00000, 0x04a00000, 0x04e50000)
  from space 512K,   3% used [0x04ed0000, 0x04ed50e8, 0x04f50000)
  to   space 512K,   0% used [0x04e50000, 0x04e50000, 0x04ed0000)
 tenured generation   total 10944K, used 425K [0x09f50000, 0x0aa00000, 0x14a00000)
   the space 10944K,   3% used [0x09f50000, 0x09fba6f0, 0x09fba800, 0x0aa00000)
 Metaspace       used 408K, capacity 2600K, committed 2624K, reserved 4480K
}
Event: 169.147 GC heap before
{Heap before GC invocations=27 (full 0):
 def new generation   total 4928K, used 4436K [0x04a00000, 0x04f50000, 0x09f50000)
  eden space 4416K, 100% used [0x04a00000, 0x04e50000, 0x04e50000)
  from space 512K,   3% used [0x04ed0000, 0x04ed50e8, 0x04f50000)
  to   space 512K,   0% used [0x04e50000, 0x04e50000, 0x04ed0000)
 tenured generation   total 10944K, used 425K [0x09f50000, 0x0aa00000, 0x14a00000)
   the space 10944K,   3% used [0x09f50000, 0x09fba6f0, 0x09fba800, 0x0aa00000)
 Metaspace       used 408K, capacity 2600K, committed 2624K, reserved 4480K
Event: 169.147 GC heap after
Heap after GC invocations=28 (full 0):
 def new generation   total 4928K, used 19K [0x04a00000, 0x04f50000, 0x09f50000)
  eden space 4416K,   0% used [0x04a00000, 0x04a00000, 0x04e50000)
  from space 512K,   3% used [0x04e50000, 0x04e54ca0, 0x04ed0000)
  to   space 512K,   0% used [0x04ed0000, 0x04ed0000, 0x04f50000)
 tenured generation   total 10944K, used 430K [0x09f50000, 0x0aa00000, 0x14a00000)
   the space 10944K,   3% used [0x09f50000, 0x09fbbbd8, 0x09fbbc00, 0x0aa00000)
 Metaspace       used 408K, capacity 2600K, committed 2624K, reserved 4480K
}

